# JRE version: OpenJDK Runtime Environment (8.0_242-b01) (build 1.8.0_242-release-1644-b01)
# Java VM: OpenJDK 64-Bit Server VM (25.242-b01 mixed mode windows-amd64 compressed oops)
Heap:
 PSYoungGen      total 338944K, used 207022K [0x00000000d5580000, 0x00000000ee880000, 0x0000000100000000)
  eden space 307200K, 57% used [0x00000000d5580000,0x00000000e00ae8c0,0x00000000e8180000)
  from space 31744K, 99% used [0x00000000eac00000,0x00000000ecafd1d8,0x00000000ecb00000)
  to   space 43520K, 0% used [0x00000000e8180000,0x00000000e8180000,0x00000000eac00000)
 ParOldGen       total 156672K, used 83751K [0x0000000080000000, 0x0000000089900000, 0x00000000d5580000)
  object space 156672K, 53% used [0x0000000080000000,0x00000000851c9fb0,0x0000000089900000)
 Metaspace       used 90854K, capacity 96082K, committed 96344K, reserved 1132544K
  class space    used 12207K, capacity 13177K, committed 13184K, reserved 1048576K
GC Heap History (10 events):
Event: 52.930 GC heap before
{Heap before GC invocations=15 (full 3):
 PSYoungGen      total 198656K, used 180736K [0x00000000d5580000, 0x00000000e6000000, 0x0000000100000000)
  eden space 180736K, 100% used [0x00000000d5580000,0x00000000e0600000,0x00000000e0600000)
  from space 17920K, 0% used [0x00000000e0600000,0x00000000e0600000,0x00000000e1780000)
  to   space 17920K, 0% used [0x00000000e4e80000,0x00000000e4e80000,0x00000000e6000000)
 ParOldGen       total 156672K, used 31118K [0x0000000080000000, 0x0000000089900000, 0x00000000d5580000)
  object space 156672K, 19% used [0x0000000080000000,0x0000000081e63868,0x0000000089900000)
 Metaspace       used 65038K, capacity 68038K, committed 68184K, reserved 1107968K
  class space    used 8953K, capacity 9574K, committed 9600K, reserved 1048576K
Event: 52.968 GC heap after
Heap after GC invocations=15 (full 3):
 PSYoungGen      total 242688K, used 17901K [0x00000000d5580000, 0x00000000e6000000, 0x0000000100000000)
  eden space 224768K, 0% used [0x00000000d5580000,0x00000000d5580000,0x00000000e3100000)
  from space 17920K, 99% used [0x00000000e4e80000,0x00000000e5ffb4e0,0x00000000e6000000)
  to   space 23040K, 0% used [0x00000000e3300000,0x00000000e3300000,0x00000000e4980000)
 ParOldGen       total 156672K, used 37445K [0x0000000080000000, 0x0000000089900000, 0x00000000d5580000)
  object space 156672K, 23% used [0x0000000080000000,0x0000000082491400,0x0000000089900000)
 Metaspace       used 65038K, capacity 68038K, committed 68184K, reserved 1107968K
  class space    used 8953K, capacity 9574K, committed 9600K, reserved 1048576K
}
Event: 60.047 GC heap before
{Heap before GC invocations=16 (full 3):
 PSYoungGen      total 242688K, used 242654K [0x00000000d5580000, 0x00000000e6000000, 0x0000000100000000)
  eden space 224768K, 99% used [0x00000000d5580000,0x00000000e30fc5e0,0x00000000e3100000)
  from space 17920K, 99% used [0x00000000e4e80000,0x00000000e5ffb4e0,0x00000000e6000000)
  to   space 23040K, 0% used [0x00000000e3300000,0x00000000e3300000,0x00000000e4980000)
 ParOldGen       total 156672K, used 37445K [0x0000000080000000, 0x0000000089900000, 0x00000000d5580000)
  object space 156672K, 23% used [0x0000000080000000,0x0000000082491400,0x0000000089900000)
 Metaspace       used 70906K, capacity 74280K, committed 74328K, reserved 1114112K
  class space    used 9679K, capacity 10351K, committed 10368K, reserved 1048576K
Event: 60.098 GC heap after
Heap after GC invocations=16 (full 3):
 PSYoungGen      total 249856K, used 20819K [0x00000000d5580000, 0x00000000e9400000, 0x0000000100000000)
  eden space 226816K, 0% used [0x00000000d5580000,0x00000000d5580000,0x00000000e3300000)
  from space 23040K, 90% used [0x00000000e3300000,0x00000000e4754c18,0x00000000e4980000)
  to   space 25600K, 0% used [0x00000000e7b00000,0x00000000e7b00000,0x00000000e9400000)
 ParOldGen       total 156672K, used 53492K [0x0000000080000000, 0x0000000089900000, 0x00000000d5580000)
  object space 156672K, 34% used [0x0000000080000000,0x000000008343d3c8,0x0000000089900000)
 Metaspace       used 70906K, capacity 74280K, committed 74328K, reserved 1114112K
  class space    used 9679K, capacity 10351K, committed 10368K, reserved 1048576K
}
Event: 65.741 GC heap before
{Heap before GC invocations=17 (full 3):
 PSYoungGen      total 249856K, used 247635K [0x00000000d5580000, 0x00000000e9400000, 0x0000000100000000)
  eden space 226816K, 100% used [0x00000000d5580000,0x00000000e3300000,0x00000000e3300000)
  from space 23040K, 90% used [0x00000000e3300000,0x00000000e4754c18,0x00000000e4980000)
  to   space 25600K, 0% used [0x00000000e7b00000,0x00000000e7b00000,0x00000000e9400000)
 ParOldGen       total 156672K, used 53492K [0x0000000080000000, 0x0000000089900000, 0x00000000d5580000)
  object space 156672K, 34% used [0x0000000080000000,0x000000008343d3c8,0x0000000089900000)
 Metaspace       used 72782K, capacity 76278K, committed 76376K, reserved 1116160K
  class space    used 9855K, capacity 10526K, committed 10624K, reserved 1048576K
Event: 65.761 GC heap after
Heap after GC invocations=17 (full 3):
 PSYoungGen      total 289280K, used 11202K [0x00000000d5580000, 0x00000000e8d00000, 0x0000000100000000)
  eden space 270848K, 0% used [0x00000000d5580000,0x00000000d5580000,0x00000000e5e00000)
  from space 18432K, 60% used [0x00000000e7b00000,0x00000000e85f0b38,0x00000000e8d00000)
  to   space 24064K, 0% used [0x00000000e5e00000,0x00000000e5e00000,0x00000000e7580000)
 ParOldGen       total 156672K, used 53500K [0x0000000080000000, 0x0000000089900000, 0x00000000d5580000)
  object space 156672K, 34% used [0x0000000080000000,0x000000008343f3c8,0x0000000089900000)
 Metaspace       used 72782K, capacity 76278K, committed 76376K, reserved 1116160K
  class space    used 9855K, capacity 10526K, committed 10624K, reserved 1048576K
}
Event: 74.821 GC heap before
{Heap before GC invocations=18 (full 3):
 PSYoungGen      total 289280K, used 282050K [0x00000000d5580000, 0x00000000e8d00000, 0x0000000100000000)
  eden space 270848K, 100% used [0x00000000d5580000,0x00000000e5e00000,0x00000000e5e00000)
  from space 18432K, 60% used [0x00000000e7b00000,0x00000000e85f0b38,0x00000000e8d00000)
  to   space 24064K, 0% used [0x00000000e5e00000,0x00000000e5e00000,0x00000000e7580000)
 ParOldGen       total 156672K, used 53500K [0x0000000080000000, 0x0000000089900000, 0x00000000d5580000)
  object space 156672K, 34% used [0x0000000080000000,0x000000008343f3c8,0x0000000089900000)
 Metaspace       used 87001K, capacity 91758K, committed 91864K, reserved 1128448K
  class space    used 11836K, capacity 12777K, committed 12800K, reserved 1048576K
Event: 74.873 GC heap after
Heap after GC invocations=18 (full 3):
 PSYoungGen      total 294912K, used 24045K [0x00000000d5580000, 0x00000000ecb00000, 0x0000000100000000)
  eden space 270848K, 0% used [0x00000000d5580000,0x00000000d5580000,0x00000000e5e00000)
  from space 24064K, 99% used [0x00000000e5e00000,0x00000000e757b440,0x00000000e7580000)
  to   space 31744K, 0% used [0x00000000eac00000,0x00000000eac00000,0x00000000ecb00000)
 ParOldGen       total 156672K, used 64743K [0x0000000080000000, 0x0000000089900000, 0x00000000d5580000)
  object space 156672K, 41% used [0x0000000080000000,0x0000000083f39c18,0x0000000089900000)
 Metaspace       used 87001K, capacity 91758K, committed 91864K, reserved 1128448K
  class space    used 11836K, capacity 12777K, committed 12800K, reserved 1048576K
}
Event: 79.289 GC heap before
{Heap before GC invocations=19 (full 3):
 PSYoungGen      total 294912K, used 294893K [0x00000000d5580000, 0x00000000ecb00000, 0x0000000100000000)
  eden space 270848K, 100% used [0x00000000d5580000,0x00000000e5e00000,0x00000000e5e00000)
  from space 24064K, 99% used [0x00000000e5e00000,0x00000000e757b440,0x00000000e7580000)
  to   space 31744K, 0% used [0x00000000eac00000,0x00000000eac00000,0x00000000ecb00000)
 ParOldGen       total 156672K, used 64743K [0x0000000080000000, 0x0000000089900000, 0x00000000d5580000)
  object space 156672K, 41% used [0x0000000080000000,0x0000000083f39c18,0x0000000089900000)
 Metaspace       used 90595K, capacity 95864K, committed 96088K, reserved 1132544K
  class space    used 12182K, capacity 13176K, committed 13184K, reserved 1048576K
Event: 79.373 GC heap after
Heap after GC invocations=19 (full 3):
 PSYoungGen      total 338944K, used 31732K [0x00000000d5580000, 0x00000000ee880000, 0x0000000100000000)
  eden space 307200K, 0% used [0x00000000d5580000,0x00000000d5580000,0x00000000e8180000)
  from space 31744K, 99% used [0x00000000eac00000,0x00000000ecafd1d8,0x00000000ecb00000)
  to   space 43520K, 0% used [0x00000000e8180000,0x00000000e8180000,0x00000000eac00000)
 ParOldGen       total 156672K, used 83751K [0x0000000080000000, 0x0000000089900000, 0x00000000d5580000)
  object space 156672K, 53% used [0x0000000080000000,0x00000000851c9fb0,0x0000000089900000)
 Metaspace       used 90595K, capacity 95864K, committed 96088K, reserved 1132544K
  class space    used 12182K, capacity 13176K, committed 13184K, reserved 1048576K
}

